<?xml version="1.0" encoding="UTF-8"?>
<testng-results ignored="6" total="9" passed="3" failed="0" skipped="0">
  <reporter-output>
  </reporter-output>
  <suite started-at="2022-08-30T17:44:31 IST" name="Gradle suite" finished-at="2022-08-30T17:44:31 IST" duration-ms="24">
    <groups>
      <group name="simpleCalculation">
        <method signature="CalculatorTest.testMultiply(int,int)[pri:0, instance:CalculatorTest@1b6e1eff]" name="testMultiply" class="CalculatorTest"/>
        <method signature="CalculatorTest.testSubtractMethod(int,int)[pri:0, instance:CalculatorTest@1b6e1eff]" name="testSubtractMethod" class="CalculatorTest"/>
        <method signature="CalculatorTest.testAddMethod(int,int)[pri:1, instance:CalculatorTest@1b6e1eff]" name="testAddMethod" class="CalculatorTest"/>
      </group> <!-- simpleCalculation -->
    </groups>
    <test started-at="2022-08-30T17:44:31 IST" name="Gradle test" finished-at="2022-08-30T17:44:31 IST" duration-ms="24">
      <class name="CalculatorTest">
        <test-method is-config="true" signature="initializeCalculator2()[pri:0, instance:CalculatorTest@1b6e1eff]" started-at="2022-08-30T17:44:31 IST" name="initializeCalculator2" finished-at="2022-08-30T17:44:31 IST" duration-ms="2" status="PASS">
          <reporter-output>
          </reporter-output>
        </test-method> <!-- initializeCalculator2 -->
        <test-method signature="testMultiply(int,int)[pri:0, instance:CalculatorTest@1b6e1eff]" started-at="2022-08-30T17:44:31 IST" name="testMultiply" data-provider="simpleCalculationData" finished-at="2022-08-30T17:44:31 IST" duration-ms="2" status="PASS">
          <params>
            <param index="0">
              <value>
                <![CDATA[5]]>
              </value>
            </param>
            <param index="1">
              <value>
                <![CDATA[2]]>
              </value>
            </param>
          </params>
          <reporter-output>
          </reporter-output>
        </test-method> <!-- testMultiply -->
        <test-method is-config="true" signature="afterMAssage()[pri:0, instance:CalculatorTest@1b6e1eff]" started-at="2022-08-30T17:44:31 IST" name="afterMAssage" finished-at="2022-08-30T17:44:31 IST" duration-ms="0" status="PASS">
          <reporter-output>
          </reporter-output>
        </test-method> <!-- afterMAssage -->
        <test-method signature="testSubtractMethod(int,int)[pri:0, instance:CalculatorTest@1b6e1eff]" started-at="2022-08-30T17:44:31 IST" name="testSubtractMethod" data-provider="simpleCalculationData" finished-at="2022-08-30T17:44:31 IST" duration-ms="1" status="PASS">
          <params>
            <param index="0">
              <value>
                <![CDATA[5]]>
              </value>
            </param>
            <param index="1">
              <value>
                <![CDATA[2]]>
              </value>
            </param>
          </params>
          <reporter-output>
          </reporter-output>
        </test-method> <!-- testSubtractMethod -->
        <test-method is-config="true" signature="initializeCalculator2()[pri:0, instance:CalculatorTest@1b6e1eff]" started-at="2022-08-30T17:44:31 IST" name="initializeCalculator2" finished-at="2022-08-30T17:44:31 IST" duration-ms="0" status="PASS">
          <reporter-output>
          </reporter-output>
        </test-method> <!-- initializeCalculator2 -->
        <test-method is-config="true" signature="afterMAssage()[pri:0, instance:CalculatorTest@1b6e1eff]" started-at="2022-08-30T17:44:31 IST" name="afterMAssage" finished-at="2022-08-30T17:44:31 IST" duration-ms="0" status="PASS">
          <reporter-output>
          </reporter-output>
        </test-method> <!-- afterMAssage -->
        <test-method signature="testAddMethod(int,int)[pri:1, instance:CalculatorTest@1b6e1eff]" started-at="2022-08-30T17:44:31 IST" name="testAddMethod" data-provider="simpleCalculationData" finished-at="2022-08-30T17:44:31 IST" duration-ms="0" status="PASS">
          <params>
            <param index="0">
              <value>
                <![CDATA[5]]>
              </value>
            </param>
            <param index="1">
              <value>
                <![CDATA[2]]>
              </value>
            </param>
          </params>
          <reporter-output>
          </reporter-output>
        </test-method> <!-- testAddMethod -->
        <test-method is-config="true" signature="initializeCalculator2()[pri:0, instance:CalculatorTest@1b6e1eff]" started-at="2022-08-30T17:44:31 IST" name="initializeCalculator2" finished-at="2022-08-30T17:44:31 IST" duration-ms="0" status="PASS">
          <reporter-output>
          </reporter-output>
        </test-method> <!-- initializeCalculator2 -->
        <test-method is-config="true" signature="afterMAssage()[pri:0, instance:CalculatorTest@1b6e1eff]" started-at="2022-08-30T17:44:31 IST" name="afterMAssage" finished-at="2022-08-30T17:44:31 IST" duration-ms="0" status="PASS">
          <reporter-output>
          </reporter-output>
        </test-method> <!-- afterMAssage -->
      </class> <!-- CalculatorTest -->
    </test> <!-- Gradle test -->
  </suite> <!-- Gradle suite -->
</testng-results>
